things_driver/sampledriverapp/build/outputs/logs/manifest-merger-debug-report.txt
-- Merging decision tree log ---
manifest
ADDED from src\main\AndroidManifest.xml:2:1-43:12
	package
		ADDED from src\main\AndroidManifest.xml:3:5-43
		INJECTED from src\main\AndroidManifest.xml
		INJECTED from src\main\AndroidManifest.xml
	android:versionName
		INJECTED from src\main\AndroidManifest.xml
		INJECTED from src\main\AndroidManifest.xml
	xmlns:android
		ADDED from src\main\AndroidManifest.xml:2:11-69
	android:versionCode
		INJECTED from src\main\AndroidManifest.xml
		INJECTED from src\main\AndroidManifest.xml
uses-permission#android.permission.WAKE_LOCK
ADDED from src\main\AndroidManifest.xml:6:5-68
	android:name
		ADDED from src\main\AndroidManifest.xml:6:22-65
application
ADDED from src\main\AndroidManifest.xml:8:5-41:19
MERGED from [com.android.support:appcompat-v7:24.2.1] AndroidManifest.xml:25:5-20
MERGED from [com.android.support:support-v4:24.2.1] AndroidManifest.xml:25:5-20
MERGED from [com.android.support:support-fragment:24.2.1] AndroidManifest.xml:25:5-20
MERGED from [com.android.support:support-media-compat:24.2.1] AndroidManifest.xml:25:5-20
MERGED from [com.android.support:support-core-ui:24.2.1] AndroidManifest.xml:25:5-20
MERGED from [com.android.support:support-core-utils:24.2.1] AndroidManifest.xml:25:5-20
MERGED from [com.android.support:animated-vector-drawable:24.2.1] AndroidManifest.xml:22:5-20
MERGED from [com.android.support:support-vector-drawable:24.2.1] AndroidManifest.xml:23:5-20
MERGED from [com.android.support:support-compat:24.2.1] AndroidManifest.xml:25:5-20
MERGED from [:iot-r-edge-lib-release:] AndroidManifest.xml:11:5-19:19
	android:label
		ADDED from src\main\AndroidManifest.xml:11:9-41
	android:supportsRtl
		ADDED from src\main\AndroidManifest.xml:12:9-35
	android:allowBackup
		ADDED from src\main\AndroidManifest.xml:9:9-35
	android:icon
		ADDED from src\main\AndroidManifest.xml:10:9-43
	android:theme
		ADDED from src\main\AndroidManifest.xml:13:9-40
activity#jp.co.planis.sampledriverapp.MainActivity
ADDED from src\main\AndroidManifest.xml:14:9-20:20
	android:name
		ADDED from src\main\AndroidManifest.xml:14:19-75
intent-filter#android.intent.action.MAIN+android.intent.category.LAUNCHER
ADDED from src\main\AndroidManifest.xml:15:13-19:29
action#android.intent.action.MAIN
ADDED from src\main\AndroidManifest.xml:16:17-69
	android:name
		ADDED from src\main\AndroidManifest.xml:16:25-66
category#android.intent.category.LAUNCHER
ADDED from src\main\AndroidManifest.xml:18:17-77
	android:name
		ADDED from src\main\AndroidManifest.xml:18:27-74
receiver#jp.co.planis.sampledriverapp.receiver.SampleCommandBroadcastReceiver
ADDED from src\main\AndroidManifest.xml:23:9-28:20
	android:exported
		ADDED from src\main\AndroidManifest.xml:24:97-121
	android:name
		ADDED from src\main\AndroidManifest.xml:24:13-96
intent-filter#jp.co.planis.gatewaytodriver.intent.RECEIVE
ADDED from src\main\AndroidManifest.xml:25:13-27:29
action#jp.co.planis.gatewaytodriver.intent.RECEIVE
ADDED from src\main\AndroidManifest.xml:26:17-86
	android:name
		ADDED from src\main\AndroidManifest.xml:26:25-83
service#jp.co.planis.sampledriverapp.service.SampleGatewayToDriverIntentService
ADDED from src\main\AndroidManifest.xml:30:9-106
	android:name
		ADDED from src\main\AndroidManifest.xml:30:18-104
receiver#jp.co.planis.sampledriverapp.receiver.SampleCollectInfoBroadcastReceiver
ADDED from src\main\AndroidManifest.xml:33:9-37:20
	android:name
		ADDED from src\main\AndroidManifest.xml:33:19-78
intent-filter#jp.co.planis.gatewaytodriver.intent.COLLECT
ADDED from src\main\AndroidManifest.xml:34:13-36:29
action#jp.co.planis.gatewaytodriver.intent.COLLECT
ADDED from src\main\AndroidManifest.xml:35:17-86
	android:name
		ADDED from src\main\AndroidManifest.xml:35:25-83
service#jp.co.planis.sampledriverapp.service.SampleSendDriverInfoIntentService
ADDED from src\main\AndroidManifest.xml:39:9-106
	android:name
		ADDED from src\main\AndroidManifest.xml:39:18-103
uses-sdk
INJECTED from src\main\AndroidManifest.xml reason: use-sdk injection requested
MERGED from [com.android.support:appcompat-v7:24.2.1] AndroidManifest.xml:21:5-23:78
MERGED from [com.android.support:support-v4:24.2.1] AndroidManifest.xml:21:5-23:54
MERGED from [com.android.support:support-fragment:24.2.1] AndroidManifest.xml:21:5-23:60
MERGED from [com.android.support:support-media-compat:24.2.1] AndroidManifest.xml:21:5-23:63
MERGED from [com.android.support:support-core-ui:24.2.1] AndroidManifest.xml:21:5-23:58
MERGED from [com.android.support:support-core-utils:24.2.1] AndroidManifest.xml:21:5-23:61
MERGED from [com.android.support:animated-vector-drawable:24.2.1] AndroidManifest.xml:20:5-44
MERGED from [com.android.support:support-vector-drawable:24.2.1] AndroidManifest.xml:21:5-43
MERGED from [com.android.support:support-compat:24.2.1] AndroidManifest.xml:21:5-23:58
MERGED from [:iot-r-edge-lib-release:] AndroidManifest.xml:7:5-9:41
	tools:overrideLibrary
		ADDED from [com.android.support:appcompat-v7:24.2.1] AndroidManifest.xml:23:9-75
	android:targetSdkVersion
		INJECTED from src\main\AndroidManifest.xml
		INJECTED from src\main\AndroidManifest.xml
	android:minSdkVersion
		INJECTED from src\main\AndroidManifest.xml
		INJECTED from src\main\AndroidManifest.xml
service#jp.co.planis.iotgatewaylib.service.GatewayToDriverIntentService
ADDED from [:iot-r-edge-lib-release:] AndroidManifest.xml:15:9-18:19
	android:exported
		ADDED from [:iot-r-edge-lib-release:] AndroidManifest.xml:17:13-36
	android:name
		ADDED from [:iot-r-edge-lib-release:] AndroidManifest.xml:16:13-91